C251 COMPILER V5.60.0,  rs485                                                              15/03/26  14:33:31  PAGE 1   


C251 COMPILER V5.60.0, COMPILATION OF MODULE rs485
OBJECT MODULE PLACED IN .\Objects\rs485.obj
COMPILER INVOKED BY: D:\Keil MDK\C251\BIN\C251.EXE rs485.c XSMALL INTR2 BROWSE DEBUG PRINT(.\Listings\rs485.lst) OBJECT(
                    -.\Objects\rs485.obj) 

stmt  level    source

    1          /*==============================================================================
    2           * modbus.c  —  Modbus RTU 从机实现
    3           * 硬件：STC32G + UART2（P4.6/RXD2, P4.7/TXD2）+ P1.2/RS485方向控制
    4           *
    5           * 支持功能码：
    6           *   0x01  Read Coils             读线圈
    7           *   0x03  Read Holding Registers 读保持寄存器
    8           *   0x05  Write Single Coil      写单个线圈
    9           *   0x06  Write Single Register  写单个寄存器
   10           *   0x10  Write Multiple Regs    写多个寄存器
   11           *============================================================================*/
   12          
   13          #include "rs485.h"
   14          #include "uart.h"
   15          #include <STC32G.H>
   16          #include <string.h>
   17          
   18          /*=============================================================================
   19           * 数据存储区
   20           *===========================================================================*/
   21          unsigned int  modbus_regs[MODBUS_REG_NUM];   // 保持寄存器
   22          unsigned char modbus_coils = 0x00;           // 线圈（每bit一个线圈）
   23          
   24          /*=============================================================================
   25           * 内部状态
   26           *===========================================================================*/
   27          static unsigned char rx_buf[MODBUS_BUF_SIZE];   // 接收缓冲区
   28          static unsigned char rx_len = 0;                // 已接收字节数
   29          static unsigned char rx_done = 0;               // 帧接收完成标志
   30          
   31          static unsigned char tx_buf[MODBUS_BUF_SIZE];   // 发送缓冲区
   32          static unsigned char tx_len = 0;                // 待发送字节数
   33          
   34          static unsigned char timeout_cnt = 0;           // 超时计数（单位：1ms tick）
   35          static unsigned char rx_active  = 0;            // 正在接收帧中
   36          
   37          /*=============================================================================
   38           * CRC16（Modbus标准多项式 0xA001）
   39           *===========================================================================*/
   40          static unsigned int CRC16(unsigned char *buf, unsigned char len)
   41          {
   42   1          unsigned int  crc = 0xFFFF;
   43   1          unsigned char i, j;
   44   1      
   45   1          for (i = 0; i < len; i++)
   46   1          {
   47   2              crc ^= buf[i];
   48   2              for (j = 0; j < 8; j++)
   49   2              {
   50   3                  if (crc & 0x0001)
   51   3                      crc = (crc >> 1) ^ 0xA001;
   52   3                  else
   53   3                      crc >>= 1;
   54   3              }
   55   2          }
   56   1          return crc;
   57   1      }
   58          
C251 COMPILER V5.60.0,  rs485                                                              15/03/26  14:33:31  PAGE 2   

   59          /*=============================================================================
   60           * 发送回复帧（含CRC，发送完毕后切回接收模式）
   61           *===========================================================================*/
   62          static void SendResponse(unsigned char len)
   63          {
   64   1          unsigned int crc;
   65   1          unsigned char i;
   66   1      
   67   1          crc = CRC16(tx_buf, len);
   68   1          tx_buf[len]     = (unsigned char)(crc & 0xFF);
   69   1          tx_buf[len + 1] = (unsigned char)(crc >> 8);
   70   1          tx_len = len + 2;
   71   1      
   72   1          RS485_TX();   // 空操作，自动流控
   73   1          for (i = 0; i < tx_len; i++)
   74   1              UART2_SendByte(tx_buf[i]);
   75   1          RS485_RX();   // 空操作，自动流控
   76   1      }
   77          
   78          /*=============================================================================
   79           * 发送异常响应
   80           *===========================================================================*/
   81          static void SendException(unsigned char func, unsigned char ex_code)
   82          {
   83   1          tx_buf[0] = MODBUS_SLAVE_ADDR;
   84   1          tx_buf[1] = func | 0x80;           // 功能码最高位置1表示异常
   85   1          tx_buf[2] = ex_code;
   86   1          SendResponse(3);
   87   1      }
   88          
   89          /*=============================================================================
   90           * 处理完整 Modbus 帧
   91           *===========================================================================*/
   92          static void ProcessFrame(void)
   93          {
   94   1          unsigned int  crc_recv, crc_calc;
   95   1          unsigned char func;
   96   1          unsigned int  start_addr, quantity;
   97   1          unsigned char byte_cnt;
   98   1          unsigned int  i;
   99   1          unsigned char coil_val;
  100   1      
  101   1          /* --- 1. 最短帧长检查（至少4字节：地址+功能码+CRC） --- */
  102   1          if (rx_len < 4)
  103   1              return;
  104   1      
  105   1          /* --- 2. 地址过滤（0xFF 为广播地址，只执行不回复；目前忽略广播） --- */
  106   1          if (rx_buf[0] != MODBUS_SLAVE_ADDR)
  107   1              return;
  108   1      
  109   1          /* --- 3. CRC 校验 --- */
  110   1          crc_recv = ((unsigned int)rx_buf[rx_len - 1] << 8) | rx_buf[rx_len - 2];
  111   1          crc_calc = CRC16(rx_buf, rx_len - 2);
*** WARNING C188 IN LINE 111 OF rs485.c: 'parameter 2': value truncated
  112   1          if (crc_recv != crc_calc)
  113   1              return;                         // CRC 错误，丢弃，不回复
  114   1      
  115   1          func       = rx_buf[1];
  116   1          start_addr = ((unsigned int)rx_buf[2] << 8) | rx_buf[3];
  117   1          quantity   = ((unsigned int)rx_buf[4] << 8) | rx_buf[5];
  118   1      
  119   1          /* --- 4. 分功能码处理 --- */
  120   1          switch (func)
  121   1          {
  122   2              /*--------------------------------------------------------------------
  123   2               * FC=0x01  Read Coils
C251 COMPILER V5.60.0,  rs485                                                              15/03/26  14:33:31  PAGE 3   

  124   2               * 请求帧：[地址][01][起始高][起始低][数量高][数量低][CRC-L][CRC-H]
  125   2               * 响应帧：[地址][01][字节数][数据…][CRC-L][CRC-H]
  126   2               *------------------------------------------------------------------*/
  127   2              case FC_READ_COILS:
  128   2                  if (quantity < 1 || quantity > MODBUS_COIL_NUM)
  129   2                  {
  130   3                      SendException(func, EX_ILLEGAL_DATA_VALUE);
  131   3                      break;
  132   3                  }
  133   2                  if (start_addr + quantity > MODBUS_COIL_NUM)
  134   2                  {
  135   3                      SendException(func, EX_ILLEGAL_DATA_ADDR);
  136   3                      break;
  137   3                  }
  138   2                  byte_cnt = (unsigned char)((quantity + 7) / 8);
  139   2                  tx_buf[0] = MODBUS_SLAVE_ADDR;
  140   2                  tx_buf[1] = FC_READ_COILS;
  141   2                  tx_buf[2] = byte_cnt;
  142   2                  /* 从 modbus_coils 中提取对应位 */
  143   2                  for (i = 0; i < byte_cnt; i++)
  144   2                      tx_buf[3 + i] = (modbus_coils >> (start_addr + i * 8)) & 0xFF;
  145   2                  SendResponse(3 + byte_cnt);
*** WARNING C188 IN LINE 145 OF rs485.c: 'parameter 1': value truncated
  146   2                  break;
  147   2      
  148   2              /*--------------------------------------------------------------------
  149   2               * FC=0x03  Read Holding Registers
  150   2               *------------------------------------------------------------------*/
  151   2              case FC_READ_HOLDING_REGS:
  152   2                  if (quantity < 1 || quantity > 125)
  153   2                  {
  154   3                      SendException(func, EX_ILLEGAL_DATA_VALUE);
  155   3                      break;
  156   3                  }
  157   2                  if (start_addr + quantity > MODBUS_REG_NUM)
  158   2                  {
  159   3                      SendException(func, EX_ILLEGAL_DATA_ADDR);
  160   3                      break;
  161   3                  }
  162   2                  byte_cnt = (unsigned char)(quantity * 2);
  163   2                  tx_buf[0] = MODBUS_SLAVE_ADDR;
  164   2                  tx_buf[1] = FC_READ_HOLDING_REGS;
  165   2                  tx_buf[2] = byte_cnt;
  166   2                  for (i = 0; i < quantity; i++)
  167   2                  {
  168   3                      tx_buf[3 + i * 2]     = (unsigned char)(modbus_regs[start_addr + i] >> 8);
  169   3                      tx_buf[3 + i * 2 + 1] = (unsigned char)(modbus_regs[start_addr + i] & 0xFF);
  170   3                  }
  171   2                  SendResponse(3 + byte_cnt);
*** WARNING C188 IN LINE 171 OF rs485.c: 'parameter 1': value truncated
  172   2                  break;
  173   2      
  174   2              /*--------------------------------------------------------------------
  175   2               * FC=0x05  Write Single Coil
  176   2               * 写值：0xFF00=ON, 0x0000=OFF
  177   2               *------------------------------------------------------------------*/
  178   2              case FC_WRITE_SINGLE_COIL:
  179   2                  if (start_addr >= MODBUS_COIL_NUM)
  180   2                  {
  181   3                      SendException(func, EX_ILLEGAL_DATA_ADDR);
  182   3                      break;
  183   3                  }
  184   2                  coil_val = (rx_buf[4] == 0xFF) ? 1 : 0;
  185   2                  if (coil_val)
  186   2                      modbus_coils |=  (1 << start_addr);
  187   2                  else
C251 COMPILER V5.60.0,  rs485                                                              15/03/26  14:33:31  PAGE 4   

  188   2                      modbus_coils &= ~(1 << start_addr);
  189   2      
  190   2                  /* 原样回显请求帧（去掉CRC部分，SendResponse会重新加CRC） */
  191   2                  tx_buf[0] = rx_buf[0];
  192   2                  tx_buf[1] = rx_buf[1];
  193   2                  tx_buf[2] = rx_buf[2];
  194   2                  tx_buf[3] = rx_buf[3];
  195   2                  tx_buf[4] = rx_buf[4];
  196   2                  tx_buf[5] = rx_buf[5];
  197   2                  SendResponse(6);
  198   2                  break;
  199   2      
  200   2              /*--------------------------------------------------------------------
  201   2               * FC=0x06  Write Single Register
  202   2               *------------------------------------------------------------------*/
  203   2              case FC_WRITE_SINGLE_REG:
  204   2                  if (start_addr >= MODBUS_REG_NUM)
  205   2                  {
  206   3                      SendException(func, EX_ILLEGAL_DATA_ADDR);
  207   3                      break;
  208   3                  }
  209   2                  modbus_regs[start_addr] = quantity;   // quantity 字段即寄存器值
  210   2                  tx_buf[0] = rx_buf[0];
  211   2                  tx_buf[1] = rx_buf[1];
  212   2                  tx_buf[2] = rx_buf[2];
  213   2                  tx_buf[3] = rx_buf[3];
  214   2                  tx_buf[4] = rx_buf[4];
  215   2                  tx_buf[5] = rx_buf[5];
  216   2                  SendResponse(6);
  217   2                  break;
  218   2      
  219   2              /*--------------------------------------------------------------------
  220   2               * FC=0x10  Write Multiple Registers
  221   2               * 请求帧：[地址][10][起始高][起始低][数量高][数量低][字节数][数据…][CRC
             -]
  222   2               *------------------------------------------------------------------*/
  223   2              case FC_WRITE_MULTI_REGS:
  224   2                  if (quantity < 1 || quantity > 123)
  225   2                  {
  226   3                      SendException(func, EX_ILLEGAL_DATA_VALUE);
  227   3                      break;
  228   3                  }
  229   2                  if (start_addr + quantity > MODBUS_REG_NUM)
  230   2                  {
  231   3                      SendException(func, EX_ILLEGAL_DATA_ADDR);
  232   3                      break;
  233   3                  }
  234   2                  byte_cnt = rx_buf[6];
  235   2                  if (byte_cnt != quantity * 2)
  236   2                  {
  237   3                      SendException(func, EX_ILLEGAL_DATA_VALUE);
  238   3                      break;
  239   3                  }
  240   2                  for (i = 0; i < quantity; i++)
  241   2                  {
  242   3                      modbus_regs[start_addr + i] =
  243   3                          ((unsigned int)rx_buf[7 + i * 2] << 8) | rx_buf[7 + i * 2 + 1];
  244   3                  }
  245   2                  tx_buf[0] = MODBUS_SLAVE_ADDR;
  246   2                  tx_buf[1] = FC_WRITE_MULTI_REGS;
  247   2                  tx_buf[2] = rx_buf[2];
  248   2                  tx_buf[3] = rx_buf[3];
  249   2                  tx_buf[4] = rx_buf[4];
  250   2                  tx_buf[5] = rx_buf[5];
  251   2                  SendResponse(6);
  252   2                  break;
C251 COMPILER V5.60.0,  rs485                                                              15/03/26  14:33:31  PAGE 5   

  253   2      
  254   2              /*--------------------------------------------------------------------
  255   2               * 不支持的功能码
  256   2               *------------------------------------------------------------------*/
  257   2              default:
  258   2                  SendException(func, EX_ILLEGAL_FUNCTION);
  259   2                  break;
  260   2          }
  261   1      }
  262          
  263          /*=============================================================================
  264           * 公共接口实现
  265           *===========================================================================*/
  266          
  267          void Modbus_Init(void)
  268          {
  269   1          RS485_RX();             // 默认接收模式
  270   1          rx_len      = 0;
  271   1          rx_done     = 0;
  272   1          rx_active   = 0;
  273   1          timeout_cnt = 0;
  274   1      }
  275          
  276          /*-----------------------------------------------------------------------------
  277           * 每 1ms 在 Timer0_ISR 中调用
  278           *---------------------------------------------------------------------------*/
  279          void Modbus_TimerTick(void)
  280          {
  281   1          if (rx_active)
  282   1          {
  283   2              timeout_cnt++;
  284   2              if (timeout_cnt >= MODBUS_TIMEOUT_MS)
  285   2              {
  286   3                  /* 3.5字符超时，判定帧结束 */
  287   3                  rx_active   = 0;
  288   3                  timeout_cnt = 0;
  289   3                  if (rx_len > 0)
  290   3                      rx_done = 1;    // 通知 Poll 处理
  291   3              }
  292   2          }
  293   1      }
  294          
  295          /*-----------------------------------------------------------------------------
  296           * 每收到1字节在 UART2_ISR 接收分支中调用
  297           *---------------------------------------------------------------------------*/
  298          void Modbus_RxByte(unsigned char dat)
  299          {
  300   1          /* 重置超时计数器（每收到新字节就重新计时） */
  301   1          timeout_cnt = 0;
  302   1          rx_active   = 1;
  303   1      
  304   1          if (rx_len < MODBUS_BUF_SIZE)
  305   1              rx_buf[rx_len++] = dat;
  306   1      
  307   1          /* 溢出时直接丢弃，等超时后清空 */
  308   1          /* 注意：此函数在 UART2_ISR 中调用，禁止在此处使用 Printf 等阻塞输出 */
  309   1      }
  310          
  311          /*-----------------------------------------------------------------------------
  312           * 主循环中轮询
  313           *---------------------------------------------------------------------------*/
  314          void Modbus_Poll(void)
  315          {
  316   1          if (!rx_done)
  317   1              return;
  318   1      
C251 COMPILER V5.60.0,  rs485                                                              15/03/26  14:33:31  PAGE 6   

  319   1          rx_done = 0;
  320   1          ProcessFrame();
  321   1          rx_len = 0;             // 清空缓冲，准备下一帧
  322   1      }


Module Information          Static   Overlayable
------------------------------------------------
  code size            =       939     ------
  ecode size           =    ------     ------
  data size            =    ------     ------
  idata size           =    ------     ------
  pdata size           =    ------     ------
  xdata size           =    ------     ------
  xdata-const size     =    ------     ------
  edata size           =       166          2
  bit size             =    ------     ------
  ebit size            =    ------     ------
  bitaddressable size  =    ------     ------
  ebitaddressable size =    ------     ------
  far data size        =    ------     ------
  huge data size       =    ------     ------
  const size           =    ------     ------
  hconst size          =        30     ------
End of Module Information.


C251 COMPILATION COMPLETE.  3 WARNING(S),  0 ERROR(S)
